This is pdfTeX, Version 3.1415926-2.4-1.40.13 (MiKTeX 2.9) (preloaded format=pdflatex 2014.1.28)  5 MAY 2014 11:18
entering extended mode
**//MYSLU/epwals10/Momentum/HonorsPaper.tex
(//MYSLU/epwals10/Momentum/HonorsPaper.tex
LaTeX2e <2011/06/27>
Babel <v3.8m> and hyphenation patterns for english, afrikaans, ancientgreek, ar
abic, armenian, assamese, basque, bengali, bokmal, bulgarian, catalan, coptic, 
croatian, czech, danish, dutch, esperanto, estonian, farsi, finnish, french, ga
lician, german, german-x-2012-05-30, greek, gujarati, hindi, hungarian, iceland
ic, indonesian, interlingua, irish, italian, kannada, kurmanji, latin, latvian,
 lithuanian, malayalam, marathi, mongolian, mongolianlmc, monogreek, ngerman, n
german-x-2012-05-30, nynorsk, oriya, panjabi, pinyin, polish, portuguese, roman
ian, russian, sanskrit, serbian, slovak, slovenian, spanish, swedish, swissgerm
an, tamil, telugu, turkish, turkmen, ukenglish, ukrainian, uppersorbian, usengl
ishmax, welsh, loaded.
("C:\Program Files (x86)\MiKTeX 2.9\tex\latex\base\article.cls"
Document Class: article 2007/10/19 v1.4h Standard LaTeX document class
("C:\Program Files (x86)\MiKTeX 2.9\tex\latex\base\size12.clo"
File: size12.clo 2007/10/19 v1.4h Standard LaTeX file (size option)
)
\c@part=\count79
\c@section=\count80
\c@subsection=\count81
\c@subsubsection=\count82
\c@paragraph=\count83
\c@subparagraph=\count84
\c@figure=\count85
\c@table=\count86
\abovecaptionskip=\skip41
\belowcaptionskip=\skip42
\bibindent=\dimen102
)
("C:\Program Files (x86)\MiKTeX 2.9\tex\latex\geometry\geometry.sty"
Package: geometry 2010/09/12 v5.6 Page Geometry

("C:\Program Files (x86)\MiKTeX 2.9\tex\latex\graphics\keyval.sty"
Package: keyval 1999/03/16 v1.13 key=value parser (DPC)
\KV@toks@=\toks14
)
("C:\Program Files (x86)\MiKTeX 2.9\tex\generic\oberdiek\ifpdf.sty"
Package: ifpdf 2011/01/30 v2.3 Provides the ifpdf switch (HO)
Package ifpdf Info: pdfTeX in PDF mode is detected.
)
("C:\Program Files (x86)\MiKTeX 2.9\tex\generic\oberdiek\ifvtex.sty"
Package: ifvtex 2010/03/01 v1.5 Detect VTeX and its facilities (HO)
Package ifvtex Info: VTeX not detected.
)
("C:\Program Files (x86)\MiKTeX 2.9\tex\generic\ifxetex\ifxetex.sty"
Package: ifxetex 2010/09/12 v0.6 Provides ifxetex conditional
)
\Gm@cnth=\count87
\Gm@cntv=\count88
\c@Gm@tempcnt=\count89
\Gm@bindingoffset=\dimen103
\Gm@wd@mp=\dimen104
\Gm@odd@mp=\dimen105
\Gm@even@mp=\dimen106
\Gm@layoutwidth=\dimen107
\Gm@layoutheight=\dimen108
\Gm@layouthoffset=\dimen109
\Gm@layoutvoffset=\dimen110
\Gm@dimlist=\toks15

("C:\Program Files (x86)\MiKTeX 2.9\tex\latex\geometry\geometry.cfg"))
("C:\Program Files (x86)\MiKTeX 2.9\tex\latex\graphics\graphicx.sty"
Package: graphicx 1999/02/16 v1.0f Enhanced LaTeX Graphics (DPC,SPQR)

("C:\Program Files (x86)\MiKTeX 2.9\tex\latex\graphics\graphics.sty"
Package: graphics 2009/02/05 v1.0o Standard LaTeX Graphics (DPC,SPQR)

("C:\Program Files (x86)\MiKTeX 2.9\tex\latex\graphics\trig.sty"
Package: trig 1999/03/16 v1.09 sin cos tan (DPC)
)
("C:\Program Files (x86)\MiKTeX 2.9\tex\latex\00miktex\graphics.cfg"
File: graphics.cfg 2007/01/18 v1.5 graphics configuration of teTeX/TeXLive
)
Package graphics Info: Driver file: pdftex.def on input line 91.

("C:\Program Files (x86)\MiKTeX 2.9\tex\latex\pdftex-def\pdftex.def"
File: pdftex.def 2011/05/27 v0.06d Graphics/color for pdfTeX

("C:\Program Files (x86)\MiKTeX 2.9\tex\generic\oberdiek\infwarerr.sty"
Package: infwarerr 2010/04/08 v1.3 Providing info/warning/error messages (HO)
)
("C:\Program Files (x86)\MiKTeX 2.9\tex\generic\oberdiek\ltxcmds.sty"
Package: ltxcmds 2011/11/09 v1.22 LaTeX kernel commands for general use (HO)
)
\Gread@gobject=\count90
))
\Gin@req@height=\dimen111
\Gin@req@width=\dimen112
)
(C:\Users\epwals10\AppData\Roaming\MiKTeX\2.9\tex\latex\blindtext\blindtext.sty
Package: blindtext 2012/01/06 V2.0 blindtext-Package
("C:\Program Files (x86)\MiKTeX 2.9\tex\latex\tools\xspace.sty"
Package: xspace 2009/10/20 v1.13 Space after command names (DPC,MH)
)
\c@blindtext=\count91
\c@Blindtext=\count92
\c@blind@countparstart=\count93
\blind@countxx=\count94
\blindtext@numBlindtext=\count95
\blind@countyy=\count96
\c@blindlist=\count97
\c@blindlistlevel=\count98
\c@blindlist@level=\count99
\blind@listitem=\count100
\c@blind@listcount=\count101
\c@blind@levelcount=\count102
\blind@mathformula=\count103
\blind@Mathformula=\count104
\c@blind@randomcount=\count105
\c@blind@randommax=\count106
\c@blind@pangramcount=\count107
\c@blind@pangrammax=\count108
)
(C:\Users\epwals10\AppData\Roaming\MiKTeX\2.9\tex\latex\fancyhdr\fancyhdr.sty
\fancy@headwidth=\skip43
\f@ncyO@elh=\skip44
\f@ncyO@erh=\skip45
\f@ncyO@olh=\skip46
\f@ncyO@orh=\skip47
\f@ncyO@elf=\skip48
\f@ncyO@erf=\skip49
\f@ncyO@olf=\skip50
\f@ncyO@orf=\skip51
)
(C:\Users\epwals10\AppData\Roaming\MiKTeX\2.9\tex\latex\nopageno\nopageno.sty
Package: nopageno 1989/01/01 no page numbers (DPC)
)
("C:\Program Files (x86)\MiKTeX 2.9\tex\latex\ltxmisc\parskip.sty"
Package: parskip 2001/04/09 non-zero parskip adjustments
)
(\\MYSLU\epwals10\Momentum\HonorsPaper.aux)
LaTeX Font Info:    Checking defaults for OML/cmm/m/it on input line 9.
LaTeX Font Info:    ... okay on input line 9.
LaTeX Font Info:    Checking defaults for T1/cmr/m/n on input line 9.
LaTeX Font Info:    ... okay on input line 9.
LaTeX Font Info:    Checking defaults for OT1/cmr/m/n on input line 9.
LaTeX Font Info:    ... okay on input line 9.
LaTeX Font Info:    Checking defaults for OMS/cmsy/m/n on input line 9.
LaTeX Font Info:    ... okay on input line 9.
LaTeX Font Info:    Checking defaults for OMX/cmex/m/n on input line 9.
LaTeX Font Info:    ... okay on input line 9.
LaTeX Font Info:    Checking defaults for U/cmr/m/n on input line 9.
LaTeX Font Info:    ... okay on input line 9.

*geometry* driver: auto-detecting
*geometry* detected driver: pdftex
*geometry* verbose mode - [ preamble ] result:
* driver: pdftex
* paper: <default>
* layout: <same size as paper>
* layoutoffset:(h,v)=(0.0pt,0.0pt)
* modes: 
* h-part:(L,W,R)=(108.405pt, 397.485pt, 108.405pt)
* v-part:(T,H,B)=(108.405pt, 578.15999pt, 108.405pt)
* \paperwidth=614.295pt
* \paperheight=794.96999pt
* \textwidth=397.485pt
* \textheight=578.15999pt
* \oddsidemargin=36.13501pt
* \evensidemargin=36.13501pt
* \topmargin=-0.86499pt
* \headheight=12.0pt
* \headsep=25.0pt
* \topskip=12.0pt
* \footskip=30.0pt
* \marginparwidth=44.0pt
* \marginparsep=10.0pt
* \columnsep=10.0pt
* \skip\footins=10.8pt plus 4.0pt minus 2.0pt
* \hoffset=0.0pt
* \voffset=0.0pt
* \mag=1000
* \@twocolumnfalse
* \@twosidefalse
* \@mparswitchfalse
* \@reversemarginfalse
* (1in=72.27pt=25.4mm, 1cm=28.453pt)

(C:\Users\epwals10\AppData\Roaming\MiKTeX\2.9\tex\context\base\supp-pdf.mkii
[Loading MPS to PDF converter (version 2006.09.02).]
\scratchcounter=\count109
\scratchdimen=\dimen113
\scratchbox=\box26
\nofMPsegments=\count110
\nofMParguments=\count111
\everyMPshowfont=\toks16
\MPscratchCnt=\count112
\MPscratchDim=\dimen114
\MPnumerator=\count113
\makeMPintoPDFobject=\count114
\everyMPtoPDFconversion=\toks17
)
LaTeX Font Info:    External font `cmex10' loaded for size
(Font)              <14.4> on input line 13.
LaTeX Font Info:    External font `cmex10' loaded for size
(Font)              <7> on input line 13.
LaTeX Font Info:    External font `cmex10' loaded for size
(Font)              <5> on input line 13.
 [1

{C:/Users/epwals10/AppData/Local/MiKTeX/2.9/pdftex/config/pdftex.map}]
[2] (\\MYSLU\epwals10\Momentum\HonorsPaper.toc
LaTeX Font Info:    External font `cmex10' loaded for size
(Font)              <12> on input line 3.
LaTeX Font Info:    External font `cmex10' loaded for size
(Font)              <8> on input line 3.
LaTeX Font Info:    External font `cmex10' loaded for size
(Font)              <6> on input line 3.
)
\tf@toc=\write3
 [3]
<Lo20.jpg, id=18, 811.03pt x 403.5075pt>
File: Lo20.jpg Graphic file (type jpg)
 <use Lo20.jpg>
Package pdftex.def Info: Lo20.jpg used on input line 46.
(pdftex.def)             Requested size: 421.73802pt x 209.8251pt.

Overfull \hbox (24.25302pt too wide) in paragraph at lines 46--47
 [][] 
 []

<Hi20.jpg, id=19, 811.03pt x 403.5075pt>
File: Hi20.jpg Graphic file (type jpg)
 <use Hi20.jpg>
Package pdftex.def Info: Hi20.jpg used on input line 51.
(pdftex.def)             Requested size: 421.73802pt x 209.8251pt.

Overfull \hbox (24.25302pt too wide) in paragraph at lines 51--52
 [][] 
 []


Package Fancyhdr Warning: \headheight is too small (12.0pt): 
 Make it at least 14.49998pt.
 We now make it that large for the rest of the document.
 This may cause the page layout to be inconsistent, however.

[1] [2 <//MYSLU/epwals10/Momentum/Lo20.jpg> <//MYSLU/epwals10/Momentum/Hi20.jpg
>] <Deciles.jpg, id=32, 433.62pt x 97.36375pt>
File: Deciles.jpg Graphic file (type jpg)
 <use Deciles.jpg>
Package pdftex.def Info: Deciles.jpg used on input line 59.
(pdftex.def)             Requested size: 260.17401pt x 58.41869pt.
 [3 <//MYSLU/epwals10/Momentum/Deciles.jpg>] [4] [5] [6] [7] [8] [9]
<SummaryOfFundsIndices.jpg, id=56, 844.65562pt x 420.82219pt>
File: SummaryOfFundsIndices.jpg Graphic file (type jpg)

<use SummaryOfFundsIndices.jpg>
Package pdftex.def Info: SummaryOfFundsIndices.jpg used on input line 137.
(pdftex.def)             Requested size: 844.65356pt x 420.82115pt.


LaTeX Warning: Float too large for page by 3.69298pt on input line 138.

[10] [11 <//MYSLU/epwals10/Momentum/SummaryOfFundsIndices.jpg>]
Underfull \hbox (badness 1163) in paragraph at lines 170--170
[]\OT1/cmr/m/n/12 Figure 4: \OT1/cmr/bx/n/12 Com-par-isons of Cu-mu-la-tive Re-
turn: AMOMX and
 []

<CompAMOMX.jpg, id=64, 722.7pt x 391.2216pt>
File: CompAMOMX.jpg Graphic file (type jpg)
 <use CompAMOMX.jpg>
Package pdftex.def Info: CompAMOMX.jpg used on input line 171.
(pdftex.def)             Requested size: 433.62334pt x 234.73477pt.

<CompBRSMX.jpg, id=65, 728.4816pt x 322.3242pt>
File: CompBRSMX.jpg Graphic file (type jpg)
 <use CompBRSMX.jpg>
Package pdftex.def Info: CompBRSMX.jpg used on input line 172.
(pdftex.def)             Requested size: 437.09233pt x 193.39601pt.

Overfull \hbox (36.13834pt too wide) in paragraph at lines 171--173
 [][] 
 []


Overfull \hbox (39.60733pt too wide) in paragraph at lines 171--173
 [] 
 []

<CompPDP.jpg, id=66, 722.7pt x 328.1058pt>
File: CompPDP.jpg Graphic file (type jpg)
 <use CompPDP.jpg>
Package pdftex.def Info: CompPDP.jpg used on input line 178.
(pdftex.def)             Requested size: 433.62334pt x 196.86499pt.

<CompRYAMX.jpg, id=67, 722.7pt x 330.033pt>
File: CompRYAMX.jpg Graphic file (type jpg)
 <use CompRYAMX.jpg>
Package pdftex.def Info: CompRYAMX.jpg used on input line 179.
(pdftex.def)             Requested size: 433.62334pt x 198.02132pt.

Overfull \hbox (36.13834pt too wide) in paragraph at lines 178--180
 [][] 
 []


Overfull \hbox (36.13834pt too wide) in paragraph at lines 178--180
 [] 
 []

[12] [13 <//MYSLU/epwals10/Momentum/CompAMOMX.jpg> <//MYSLU/epwals10/Momentum/C
ompBRSMX.jpg>] [14 <//MYSLU/epwals10/Momentum/CompPDP.jpg> <//MYSLU/epwals10/Mo
mentum/CompRYAMX.jpg>]
Overfull \hbox (20.82791pt too wide) in paragraph at lines 186--186
[]\OT1/cmr/bx/n/14.4 Characterizing the Strate-gies of Mo-men-tum Funds 
 []


LaTeX Warning: `h' float specifier changed to `ht'.

[15] [16] [17] <betas2009.png, id=89, 878.28125pt x 482.80376pt>
File: betas2009.png Graphic file (type png)

<use betas2009.png>
Package pdftex.def Info: betas2009.png used on input line 262.
(pdftex.def)             Requested size: 395.22292pt x 217.25967pt.
 [18 <//MYSLU/epwals10/Momentum/betas2009.png>]
<betas1931.png, id=96, 666.49pt x 340.27126pt>
File: betas1931.png Graphic file (type png)
 <use betas1931.png>
Package pdftex.def Info: betas1931.png used on input line 278.
(pdftex.def)             Requested size: 399.89708pt x 204.16432pt.

Overfull \hbox (2.41208pt too wide) in paragraph at lines 278--279
 [][] 
 []

<betaWML1931.png, id=97, 666.49pt x 340.27126pt>
File: betaWML1931.png Graphic file (type png)
 <use betaWML1931.png>
Package pdftex.def Info: betaWML1931.png used on input line 284.
(pdftex.def)             Requested size: 399.89708pt x 204.16432pt.

Overfull \hbox (2.41208pt too wide) in paragraph at lines 284--285
 [][] 
 []

<betas1999.png, id=98, 666.49pt x 340.27126pt>
File: betas1999.png Graphic file (type png)
 <use betas1999.png>
Package pdftex.def Info: betas1999.png used on input line 290.
(pdftex.def)             Requested size: 399.89708pt x 204.16432pt.

Overfull \hbox (2.41208pt too wide) in paragraph at lines 290--291
 [][] 
 []

<betaWML1999.png, id=99, 666.49pt x 340.27126pt>
File: betaWML1999.png Graphic file (type png)
 <use betaWML1999.png>
Package pdftex.def Info: betaWML1999.png used on input line 296.
(pdftex.def)             Requested size: 399.89708pt x 204.16432pt.

Overfull \hbox (2.41208pt too wide) in paragraph at lines 296--297
 [][] 
 []

[19] [20 <//MYSLU/epwals10/Momentum/betas1931.png> <//MYSLU/epwals10/Momentum/b
etaWML1931.png>] [21 <//MYSLU/epwals10/Momentum/betas1999.png> <//MYSLU/epwals1
0/Momentum/betaWML1999.png>]
<RYAMXbetas.png, id=113, 872.25874pt x 450.68375pt>
File: RYAMXbetas.png Graphic file (type png)
 <use RYAMXbetas.png>
Package pdftex.def Info: RYAMXbetas.png used on input line 328.
(pdftex.def)             Requested size: 392.5128pt x 202.8058pt.

<PDPbetas.png, id=114, 875.27pt x 452.69125pt>
File: PDPbetas.png Graphic file (type png)
 <use PDPbetas.png>
Package pdftex.def Info: PDPbetas.png used on input line 333.
(pdftex.def)             Requested size: 393.86786pt x 203.70917pt.

<AMOMXbetas.jpg, id=115, 612.03656pt x 338.76563pt>
File: AMOMXbetas.jpg Graphic file (type jpg)
 <use AMOMXbetas.jpg>
Package pdftex.def Info: AMOMXbetas.jpg used on input line 338.
(pdftex.def)             Requested size: 397.81905pt x 220.19504pt.

<BRSMXbetas.jpg, id=116, 615.80063pt x 347.79938pt>
File: BRSMXbetas.jpg Graphic file (type jpg)
 <use BRSMXbetas.jpg>
Package pdftex.def Info: BRSMXbetas.jpg used on input line 343.
(pdftex.def)             Requested size: 400.26566pt x 226.06691pt.

Overfull \hbox (2.78065pt too wide) in paragraph at lines 343--344
[][] 
 []

[22] [23 <//MYSLU/epwals10/Momentum/RYAMXbetas.png> <//MYSLU/epwals10/Momentum/
PDPbetas.png>] [24 <//MYSLU/epwals10/Momentum/AMOMXbetas.jpg> <//MYSLU/epwals10
/Momentum/BRSMXbetas.jpg>]

LaTeX Warning: `h' float specifier changed to `ht'.

[25]
Overfull \hbox (54.32521pt too wide) in paragraph at lines 382--392
 [][] 
 []

[26] [27] [28] [29] (\\MYSLU\epwals10\Momentum\HonorsPaper.aux) ) 
Here is how much of TeX's memory you used:
 2070 strings out of 493921
 29068 string characters out of 3144867
 91089 words of memory out of 3000000
 5348 multiletter control sequences out of 15000+200000
 9763 words of font info for 34 fonts, out of 3000000 for 9000
 841 hyphenation exceptions out of 8191
 29i,11n,43p,1118b,288s stack positions out of 5000i,500n,10000p,200000b,50000s
<C:/Program Fi
les (x86)/MiKTeX 2.9/fonts/type1/public/amsfonts/cm/cmbx10.pfb><C:/Program File
s (x86)/MiKTeX 2.9/fonts/type1/public/amsfonts/cm/cmbx12.pfb><C:/Program Files 
(x86)/MiKTeX 2.9/fonts/type1/public/amsfonts/cm/cmex10.pfb><C:/Program Files (x
86)/MiKTeX 2.9/fonts/type1/public/amsfonts/cm/cmmi10.pfb><C:/Program Files (x86
)/MiKTeX 2.9/fonts/type1/public/amsfonts/cm/cmmi12.pfb><C:/Program Files (x86)/
MiKTeX 2.9/fonts/type1/public/amsfonts/cm/cmmi6.pfb><C:/Program Files (x86)/MiK
TeX 2.9/fonts/type1/public/amsfonts/cm/cmmi7.pfb><C:/Program Files (x86)/MiKTeX
 2.9/fonts/type1/public/amsfonts/cm/cmmi8.pfb><C:/Program Files (x86)/MiKTeX 2.
9/fonts/type1/public/amsfonts/cm/cmr10.pfb><C:/Program Files (x86)/MiKTeX 2.9/f
onts/type1/public/amsfonts/cm/cmr12.pfb><C:/Program Files (x86)/MiKTeX 2.9/font
s/type1/public/amsfonts/cm/cmr17.pfb><C:/Program Files (x86)/MiKTeX 2.9/fonts/t
ype1/public/amsfonts/cm/cmr7.pfb><C:/Program Files (x86)/MiKTeX 2.9/fonts/type1
/public/amsfonts/cm/cmr8.pfb><C:/Program Files (x86)/MiKTeX 2.9/fonts/type1/pub
lic/amsfonts/cm/cmsy10.pfb><C:/Program Files (x86)/MiKTeX 2.9/fonts/type1/publi
c/amsfonts/cm/cmsy7.pfb><C:/Program Files (x86)/MiKTeX 2.9/fonts/type1/public/a
msfonts/cm/cmsy8.pfb><C:/Program Files (x86)/MiKTeX 2.9/fonts/type1/public/amsf
onts/cm/cmti12.pfb>
Output written on HonorsPaper.pdf (32 pages, 1351674 bytes).
PDF statistics:
 198 PDF objects out of 1000 (max. 8388607)
 0 named destinations out of 1000 (max. 500000)
 86 words of extra memory for PDF output out of 10000 (max. 10000000)

